# JRE version: Java(TM) SE Runtime Environment (16.0.2+7) (build 16.0.2+7-67)
# Java VM: Java HotSpot(TM) 64-Bit Server VM (16.0.2+7-67, mixed mode, sharing, tiered, compressed oops, compressed class ptrs, g1 gc, windows-amd64)
GC Precious Log:
 CPUs: 4 total, 4 available
 Memory: 8014M
 Large Page Support: Disabled
 NUMA Support: Disabled
 Compressed Oops: Enabled (32-bit)
 Heap Region Size: 1M
 Heap Min Capacity: 8M
 Heap Initial Capacity: 126M
 Heap Max Capacity: 2004M
 Pre-touch: Disabled
 Parallel Workers: 4
 Concurrent Workers: 1
 Concurrent Refinement Workers: 4
 Periodic GC: Disabled
Heap:
 garbage-first heap   total 80896K, used 46955K [0x0000000082c00000, 0x0000000100000000)
  region size 1024K, 3 young (3072K), 1 survivors (1024K)
 Metaspace       used 21997K, committed 22272K, reserved 1073152K
  class space    used 2845K, committed 3008K, reserved 1048576K
GC Heap History (16 events):
Event: 0.832 GC heap before
{Heap before GC invocations=0 (full 0):
 garbage-first heap   total 129024K, used 12288K [0x0000000082c00000, 0x0000000100000000)
  region size 1024K, 13 young (13312K), 0 survivors (0K)
 Metaspace       used 2617K, committed 2752K, reserved 1056768K
  class space    used 267K, committed 320K, reserved 1048576K
}
Event: 0.845 GC heap after
{Heap after GC invocations=1 (full 0):
 garbage-first heap   total 129024K, used 2969K [0x0000000082c00000, 0x0000000100000000)
  region size 1024K, 2 young (2048K), 2 survivors (2048K)
 Metaspace       used 2617K, committed 2752K, reserved 1056768K
  class space    used 267K, committed 320K, reserved 1048576K
}
Event: 1.602 GC heap before
{Heap before GC invocations=1 (full 0):
 garbage-first heap   total 129024K, used 17305K [0x0000000082c00000, 0x0000000100000000)
  region size 1024K, 17 young (17408K), 2 survivors (2048K)
 Metaspace       used 7467K, committed 7680K, reserved 1056768K
  class space    used 885K, committed 960K, reserved 1048576K
}
Event: 1.609 GC heap after
{Heap after GC invocations=2 (full 0):
 garbage-first heap   total 129024K, used 5597K [0x0000000082c00000, 0x0000000100000000)
  region size 1024K, 3 young (3072K), 3 survivors (3072K)
 Metaspace       used 7467K, committed 7680K, reserved 1056768K
  class space    used 885K, committed 960K, reserved 1048576K
}
Event: 39.860 GC heap before
{Heap before GC invocations=2 (full 0):
 garbage-first heap   total 129024K, used 76253K [0x0000000082c00000, 0x0000000100000000)
  region size 1024K, 68 young (69632K), 3 survivors (3072K)
 Metaspace       used 21060K, committed 21248K, reserved 1073152K
  class space    used 2828K, committed 2944K, reserved 1048576K
}
Event: 39.885 GC heap after
{Heap after GC invocations=3 (full 0):
 garbage-first heap   total 129024K, used 20585K [0x0000000082c00000, 0x0000000100000000)
  region size 1024K, 10 young (10240K), 10 survivors (10240K)
 Metaspace       used 21060K, committed 21248K, reserved 1073152K
  class space    used 2828K, committed 2944K, reserved 1048576K
}
Event: 51.325 GC heap before
{Heap before GC invocations=4 (full 0):
 garbage-first heap   total 75776K, used 37993K [0x0000000082c00000, 0x0000000100000000)
  region size 1024K, 27 young (27648K), 10 survivors (10240K)
 Metaspace       used 21370K, committed 21696K, reserved 1073152K
  class space    used 2837K, committed 3008K, reserved 1048576K
}
Event: 51.352 GC heap after
{Heap after GC invocations=5 (full 0):
 garbage-first heap   total 75776K, used 26141K [0x0000000082c00000, 0x0000000100000000)
  region size 1024K, 4 young (4096K), 4 survivors (4096K)
 Metaspace       used 21370K, committed 21696K, reserved 1073152K
  class space    used 2837K, committed 3008K, reserved 1048576K
}
Event: 213.274 GC heap before
{Heap before GC invocations=5 (full 0):
 garbage-first heap   total 75776K, used 48669K [0x0000000082c00000, 0x0000000100000000)
  region size 1024K, 24 young (24576K), 4 survivors (4096K)
 Metaspace       used 21706K, committed 22016K, reserved 1073152K
  class space    used 2841K, committed 3008K, reserved 1048576K
}
Event: 213.295 GC heap after
{Heap after GC invocations=6 (full 0):
 garbage-first heap   total 75776K, used 33772K [0x0000000082c00000, 0x0000000100000000)
  region size 1024K, 3 young (3072K), 3 survivors (3072K)
 Metaspace       used 21706K, committed 22016K, reserved 1073152K
  class space    used 2841K, committed 3008K, reserved 1048576K
}
Event: 246.502 GC heap before
{Heap before GC invocations=6 (full 0):
 garbage-first heap   total 75776K, used 51180K [0x0000000082c00000, 0x0000000100000000)
  region size 1024K, 20 young (20480K), 3 survivors (3072K)
 Metaspace       used 21960K, committed 22272K, reserved 1073152K
  class space    used 2843K, committed 3008K, reserved 1048576K
}
Event: 246.521 GC heap after
{Heap after GC invocations=7 (full 0):
 garbage-first heap   total 75776K, used 39386K [0x0000000082c00000, 0x0000000100000000)
  region size 1024K, 3 young (3072K), 3 survivors (3072K)
 Metaspace       used 21960K, committed 22272K, reserved 1073152K
  class space    used 2843K, committed 3008K, reserved 1048576K
}
Event: 249.064 GC heap before
{Heap before GC invocations=7 (full 0):
 garbage-first heap   total 75776K, used 53722K [0x0000000082c00000, 0x0000000100000000)
  region size 1024K, 17 young (17408K), 3 survivors (3072K)
 Metaspace       used 21986K, committed 22272K, reserved 1073152K
  class space    used 2843K, committed 3008K, reserved 1048576K
}
Event: 249.082 GC heap after
{Heap after GC invocations=8 (full 0):
 garbage-first heap   total 75776K, used 44929K [0x0000000082c00000, 0x0000000100000000)
  region size 1024K, 3 young (3072K), 3 survivors (3072K)
 Metaspace       used 21986K, committed 22272K, reserved 1073152K
  class space    used 2843K, committed 3008K, reserved 1048576K
}
Event: 249.477 GC heap before
{Heap before GC invocations=9 (full 0):
 garbage-first heap   total 76800K, used 44824K [0x0000000082c00000, 0x0000000100000000)
  region size 1024K, 4 young (4096K), 3 survivors (3072K)
 Metaspace       used 21991K, committed 22272K, reserved 1073152K
  class space    used 2843K, committed 3008K, reserved 1048576K
}
Event: 249.484 GC heap after
{Heap after GC invocations=10 (full 0):
 garbage-first heap   total 76800K, used 45931K [0x0000000082c00000, 0x0000000100000000)
  region size 1024K, 1 young (1024K), 1 survivors (1024K)
 Metaspace       used 21991K, committed 22272K, reserved 1073152K
  class space    used 2843K, committed 3008K, reserved 1048576K
}

