# JRE version: Java(TM) SE Runtime Environment (16.0.2+7) (build 16.0.2+7-67)
# Java VM: Java HotSpot(TM) 64-Bit Server VM (16.0.2+7-67, mixed mode, sharing, tiered, compressed oops, compressed class ptrs, g1 gc, windows-amd64)
GC Precious Log:
 CPUs: 4 total, 4 available
 Memory: 8014M
 Large Page Support: Disabled
 NUMA Support: Disabled
 Compressed Oops: Enabled (32-bit)
 Heap Region Size: 1M
 Heap Min Capacity: 8M
 Heap Initial Capacity: 126M
 Heap Max Capacity: 2004M
 Pre-touch: Disabled
 Parallel Workers: 4
 Concurrent Workers: 1
 Concurrent Refinement Workers: 4
 Periodic GC: Disabled
Heap:
 garbage-first heap   total 78848K, used 72197K [0x0000000082c00000, 0x0000000100000000)
  region size 1024K, 55 young (56320K), 7 survivors (7168K)
 Metaspace       used 21831K, committed 22144K, reserved 1073152K
  class space    used 2840K, committed 3008K, reserved 1048576K
GC Heap History (8 events):
Event: 1.175 GC heap before
{Heap before GC invocations=0 (full 0):
 garbage-first heap   total 129024K, used 12288K [0x0000000082c00000, 0x0000000100000000)
  region size 1024K, 13 young (13312K), 0 survivors (0K)
 Metaspace       used 2558K, committed 2752K, reserved 1056768K
  class space    used 248K, committed 320K, reserved 1048576K
}
Event: 1.195 GC heap after
{Heap after GC invocations=1 (full 0):
 garbage-first heap   total 129024K, used 3525K [0x0000000082c00000, 0x0000000100000000)
  region size 1024K, 2 young (2048K), 2 survivors (2048K)
 Metaspace       used 2558K, committed 2752K, reserved 1056768K
  class space    used 248K, committed 320K, reserved 1048576K
}
Event: 2.276 GC heap before
{Heap before GC invocations=1 (full 0):
 garbage-first heap   total 129024K, used 16837K [0x0000000082c00000, 0x0000000100000000)
  region size 1024K, 16 young (16384K), 2 survivors (2048K)
 Metaspace       used 7369K, committed 7552K, reserved 1056768K
  class space    used 867K, committed 960K, reserved 1048576K
}
Event: 2.284 GC heap after
{Heap after GC invocations=2 (full 0):
 garbage-first heap   total 129024K, used 5559K [0x0000000082c00000, 0x0000000100000000)
  region size 1024K, 2 young (2048K), 2 survivors (2048K)
 Metaspace       used 7369K, committed 7552K, reserved 1056768K
  class space    used 867K, committed 960K, reserved 1048576K
}
Event: 17.660 GC heap before
{Heap before GC invocations=2 (full 0):
 garbage-first heap   total 129024K, used 46519K [0x0000000082c00000, 0x0000000100000000)
  region size 1024K, 40 young (40960K), 2 survivors (2048K)
 Metaspace       used 18379K, committed 18624K, reserved 1064960K
  class space    used 2520K, committed 2688K, reserved 1048576K
}
Event: 17.674 GC heap after
{Heap after GC invocations=3 (full 0):
 garbage-first heap   total 129024K, used 12029K [0x0000000082c00000, 0x0000000100000000)
  region size 1024K, 5 young (5120K), 5 survivors (5120K)
 Metaspace       used 18379K, committed 18624K, reserved 1064960K
  class space    used 2520K, committed 2688K, reserved 1048576K
}
Event: 24.720 GC heap before
{Heap before GC invocations=3 (full 0):
 garbage-first heap   total 129024K, used 43773K [0x0000000082c00000, 0x0000000100000000)
  region size 1024K, 34 young (34816K), 5 survivors (5120K)
 Metaspace       used 20989K, committed 21248K, reserved 1073152K
  class space    used 2833K, committed 3008K, reserved 1048576K
}
Event: 24.745 GC heap after
{Heap after GC invocations=4 (full 0):
 garbage-first heap   total 129024K, used 20997K [0x0000000082c00000, 0x0000000100000000)
  region size 1024K, 7 young (7168K), 7 survivors (7168K)
 Metaspace       used 20989K, committed 21248K, reserved 1073152K
  class space    used 2833K, committed 3008K, reserved 1048576K
}

